
*** Running vivado
    with args -log uproc_top_level_wrapper.vdi -applog -m64 -product Vivado -messageDb vivado.pb -mode batch -source uproc_top_level_wrapper.tcl -notrace



****** Vivado v2021.1 (64-bit)
  **** SW Build 3247384 on Thu Jun 10 19:36:33 MDT 2021
  **** IP Build 3246043 on Fri Jun 11 00:30:35 MDT 2021
    ** Copyright 1986-2021 Xilinx, Inc. All Rights Reserved.

source uproc_top_level_wrapper.tcl -notrace
INFO: [IP_Flow 19-234] Refreshing IP repositories
INFO: [IP_Flow 19-1700] Loaded user IP repository 'c:/Users/keyur/Documents/Vivado/vivado-library-master'.
INFO: [IP_Flow 19-2313] Loaded Vivado IP repository 'C:/Xilinx/Vivado/2021.1/data/ip'.
Command: link_design -top uproc_top_level_wrapper -part xc7z010clg400-1
Design is defaulting to srcset: sources_1
Design is defaulting to constrset: constrs_1
INFO: [Device 21-403] Loading part xc7z010clg400-1
INFO: [Project 1-454] Reading design checkpoint 'c:/Users/keyur/Documents/Vivado/Processor/Processor.gen/sources_1/bd/uproc_top_level/ip/uproc_top_level_clock_div_0_0/uproc_top_level_clock_div_0_0.dcp' for cell 'uproc_top_level_i/clock_div_0'
INFO: [Project 1-454] Reading design checkpoint 'c:/Users/keyur/Documents/Vivado/Processor/Processor.gen/sources_1/bd/uproc_top_level/ip/uproc_top_level_clock_div_25_0_0/uproc_top_level_clock_div_25_0_0.dcp' for cell 'uproc_top_level_i/clock_div_25_0'
INFO: [Project 1-454] Reading design checkpoint 'c:/Users/keyur/Documents/Vivado/Processor/Processor.gen/sources_1/bd/uproc_top_level/ip/uproc_top_level_controls_0_0/uproc_top_level_controls_0_0.dcp' for cell 'uproc_top_level_i/controls_0'
INFO: [Project 1-454] Reading design checkpoint 'c:/Users/keyur/Documents/Vivado/Processor/Processor.gen/sources_1/bd/uproc_top_level/ip/uproc_top_level_blk_mem_gen_0_2/uproc_top_level_blk_mem_gen_0_2.dcp' for cell 'uproc_top_level_i/dMem'
INFO: [Project 1-454] Reading design checkpoint 'c:/Users/keyur/Documents/Vivado/Processor/Processor.gen/sources_1/bd/uproc_top_level/ip/uproc_top_level_debounce_0_0/uproc_top_level_debounce_0_0.dcp' for cell 'uproc_top_level_i/debounce_0'
INFO: [Project 1-454] Reading design checkpoint 'c:/Users/keyur/Documents/Vivado/Processor/Processor.gen/sources_1/bd/uproc_top_level/ip/uproc_top_level_framebuffer_0_0/uproc_top_level_framebuffer_0_0.dcp' for cell 'uproc_top_level_i/framebuffer_0'
INFO: [Project 1-454] Reading design checkpoint 'c:/Users/keyur/Documents/Vivado/Processor/Processor.gen/sources_1/bd/uproc_top_level/ip/uproc_top_level_blk_mem_gen_0_1/uproc_top_level_blk_mem_gen_0_1.dcp' for cell 'uproc_top_level_i/irMem'
INFO: [Project 1-454] Reading design checkpoint 'c:/Users/keyur/Documents/Vivado/Processor/Processor.gen/sources_1/bd/uproc_top_level/ip/uproc_top_level_my_alu_0_0/uproc_top_level_my_alu_0_0.dcp' for cell 'uproc_top_level_i/my_alu_0'
INFO: [Project 1-454] Reading design checkpoint 'c:/Users/keyur/Documents/Vivado/Processor/Processor.gen/sources_1/bd/uproc_top_level/ip/uproc_top_level_pixel_pusher_0_0/uproc_top_level_pixel_pusher_0_0.dcp' for cell 'uproc_top_level_i/pixel_pusher_0'
INFO: [Project 1-454] Reading design checkpoint 'c:/Users/keyur/Documents/Vivado/Processor/Processor.gen/sources_1/bd/uproc_top_level/ip/uproc_top_level_regs_0_0/uproc_top_level_regs_0_0.dcp' for cell 'uproc_top_level_i/regs_0'
INFO: [Project 1-454] Reading design checkpoint 'c:/Users/keyur/Documents/Vivado/Processor/Processor.gen/sources_1/bd/uproc_top_level/ip/uproc_top_level_rgb2dvi_0_0/uproc_top_level_rgb2dvi_0_0.dcp' for cell 'uproc_top_level_i/rgb2dvi_0'
INFO: [Project 1-454] Reading design checkpoint 'c:/Users/keyur/Documents/Vivado/Processor/Processor.gen/sources_1/bd/uproc_top_level/ip/uproc_top_level_uart_0_0/uproc_top_level_uart_0_0.dcp' for cell 'uproc_top_level_i/uart_0'
INFO: [Project 1-454] Reading design checkpoint 'c:/Users/keyur/Documents/Vivado/Processor/Processor.gen/sources_1/bd/uproc_top_level/ip/uproc_top_level_vga_ctrl_0_0/uproc_top_level_vga_ctrl_0_0.dcp' for cell 'uproc_top_level_i/vga_ctrl_0'
Netlist sorting complete. Time (s): cpu = 00:00:00 ; elapsed = 00:00:00.021 . Memory (MB): peak = 1125.473 ; gain = 0.000
INFO: [Netlist 29-17] Analyzing 211 Unisim elements for replacement
INFO: [Netlist 29-28] Unisim Transformation completed in 0 CPU seconds
INFO: [Project 1-479] Netlist was created with Vivado 2021.1
INFO: [Project 1-570] Preparing netlist for logic optimization
Parsing XDC File [c:/Users/keyur/Documents/Vivado/Processor/Processor.gen/sources_1/bd/uproc_top_level/ip/uproc_top_level_rgb2dvi_0_0/src/rgb2dvi.xdc] for cell 'uproc_top_level_i/rgb2dvi_0/U0'
Finished Parsing XDC File [c:/Users/keyur/Documents/Vivado/Processor/Processor.gen/sources_1/bd/uproc_top_level/ip/uproc_top_level_rgb2dvi_0_0/src/rgb2dvi.xdc] for cell 'uproc_top_level_i/rgb2dvi_0/U0'
Parsing XDC File [C:/Users/keyur/Documents/Vivado/Processor/Processor.srcs/constrs_1/new/ZyboZ7-10.xdc]
Finished Parsing XDC File [C:/Users/keyur/Documents/Vivado/Processor/Processor.srcs/constrs_1/new/ZyboZ7-10.xdc]
Parsing XDC File [c:/Users/keyur/Documents/Vivado/Processor/Processor.gen/sources_1/bd/uproc_top_level/ip/uproc_top_level_rgb2dvi_0_0/src/rgb2dvi_clocks.xdc] for cell 'uproc_top_level_i/rgb2dvi_0/U0'
Finished Parsing XDC File [c:/Users/keyur/Documents/Vivado/Processor/Processor.gen/sources_1/bd/uproc_top_level/ip/uproc_top_level_rgb2dvi_0_0/src/rgb2dvi_clocks.xdc] for cell 'uproc_top_level_i/rgb2dvi_0/U0'
INFO: [Opt 31-138] Pushed 0 inverter(s) to 0 load pin(s).
Netlist sorting complete. Time (s): cpu = 00:00:00 ; elapsed = 00:00:00.001 . Memory (MB): peak = 1125.473 ; gain = 0.000
INFO: [Project 1-111] Unisim Transformation Summary:
No Unisim elements were transformed.

23 Infos, 0 Warnings, 0 Critical Warnings and 0 Errors encountered.
link_design completed successfully
Command: opt_design
Attempting to get a license for feature 'Implementation' and/or device 'xc7z010'
INFO: [Common 17-349] Got license for feature 'Implementation' and/or device 'xc7z010'
Running DRC as a precondition to command opt_design

Starting DRC Task
INFO: [DRC 23-27] Running DRC with 2 threads
INFO: [Project 1-461] DRC finished with 0 Errors
INFO: [Project 1-462] Please refer to the DRC report (report_drc) for more information.

Time (s): cpu = 00:00:01 ; elapsed = 00:00:00.596 . Memory (MB): peak = 1125.473 ; gain = 0.000

Starting Cache Timing Information Task
INFO: [Timing 38-35] Done setting XDC timing constraints.
Ending Cache Timing Information Task | Checksum: 16f6ce1b7

Time (s): cpu = 00:00:04 ; elapsed = 00:00:04 . Memory (MB): peak = 1424.363 ; gain = 298.891

Starting Logic Optimization Task

Phase 1 Retarget
INFO: [Opt 31-138] Pushed 0 inverter(s) to 0 load pin(s).
INFO: [Opt 31-49] Retargeted 0 cell(s).
Phase 1 Retarget | Checksum: 11031f4e7

Time (s): cpu = 00:00:00 ; elapsed = 00:00:00.070 . Memory (MB): peak = 1643.176 ; gain = 0.000
INFO: [Opt 31-389] Phase Retarget created 17 cells and removed 24 cells

Phase 2 Constant propagation
INFO: [Opt 31-138] Pushed 5 inverter(s) to 29 load pin(s).
Phase 2 Constant propagation | Checksum: 106d30793

Time (s): cpu = 00:00:00 ; elapsed = 00:00:00.091 . Memory (MB): peak = 1643.176 ; gain = 0.000
INFO: [Opt 31-389] Phase Constant propagation created 52 cells and removed 90 cells

Phase 3 Sweep
Phase 3 Sweep | Checksum: 1a83e31a1

Time (s): cpu = 00:00:00 ; elapsed = 00:00:00.115 . Memory (MB): peak = 1643.176 ; gain = 0.000
INFO: [Opt 31-389] Phase Sweep created 0 cells and removed 20 cells

Phase 4 BUFG optimization
INFO: [Opt 31-194] Inserted BUFG clk_IBUF_BUFG_inst to drive 1056 load(s) on clock net clk_IBUF_BUFG
INFO: [Opt 31-194] Inserted BUFG uproc_top_level_i/clock_div_25_0/U0/div_BUFG_inst to drive 151 load(s) on clock net uproc_top_level_i/clock_div_25_0/U0/div_BUFG
INFO: [Opt 31-193] Inserted 2 BUFG(s) on clock nets
Phase 4 BUFG optimization | Checksum: 17558b7ff

Time (s): cpu = 00:00:00 ; elapsed = 00:00:00.140 . Memory (MB): peak = 1643.176 ; gain = 0.000
INFO: [Opt 31-662] Phase BUFG optimization created 2 cells of which 2 are BUFGs and removed 0 cells.

Phase 5 Shift Register Optimization
INFO: [Opt 31-1064] SRL Remap converted 0 SRLs to 0 registers and converted 0 registers of register chains to 0 SRLs
Phase 5 Shift Register Optimization | Checksum: 17558b7ff

Time (s): cpu = 00:00:00 ; elapsed = 00:00:00.143 . Memory (MB): peak = 1643.176 ; gain = 0.000
INFO: [Opt 31-389] Phase Shift Register Optimization created 0 cells and removed 0 cells

Phase 6 Post Processing Netlist
Phase 6 Post Processing Netlist | Checksum: 17558b7ff

Time (s): cpu = 00:00:00 ; elapsed = 00:00:00.147 . Memory (MB): peak = 1643.176 ; gain = 0.000
INFO: [Opt 31-389] Phase Post Processing Netlist created 0 cells and removed 0 cells
Opt_design Change Summary
=========================


-------------------------------------------------------------------------------------------------------------------------
|  Phase                        |  #Cells created  |  #Cells Removed  |  #Constrained objects preventing optimizations  |
-------------------------------------------------------------------------------------------------------------------------
|  Retarget                     |              17  |              24  |                                              0  |
|  Constant propagation         |              52  |              90  |                                              0  |
|  Sweep                        |               0  |              20  |                                              0  |
|  BUFG optimization            |               2  |               0  |                                              0  |
|  Shift Register Optimization  |               0  |               0  |                                              0  |
|  Post Processing Netlist      |               0  |               0  |                                              0  |
-------------------------------------------------------------------------------------------------------------------------



Starting Connectivity Check Task

Time (s): cpu = 00:00:00 ; elapsed = 00:00:00.002 . Memory (MB): peak = 1643.176 ; gain = 0.000
Ending Logic Optimization Task | Checksum: f2218a02

Time (s): cpu = 00:00:00 ; elapsed = 00:00:00.188 . Memory (MB): peak = 1643.176 ; gain = 0.000

Starting Power Optimization Task
INFO: [Pwropt 34-132] Skipping clock gating for clocks with a period < 2.00 ns.
INFO: [Timing 38-35] Done setting XDC timing constraints.
Running Vector-less Activity Propagation...

Finished Running Vector-less Activity Propagation
INFO: [Pwropt 34-9] Applying IDT optimizations ...
INFO: [Pwropt 34-10] Applying ODC optimizations ...


Starting PowerOpt Patch Enables Task
INFO: [Pwropt 34-162] WRITE_MODE attribute of 0 BRAM(s) out of a total of 31 has been updated to save power. Run report_power_opt to get a complete listing of the BRAMs updated.
INFO: [Pwropt 34-201] Structural ODC has moved 0 WE to EN ports
Number of BRAM Ports augmented: 12 newly gated: 7 Total Ports: 62
Number of Flops added for Enable Generation: 9

Ending PowerOpt Patch Enables Task | Checksum: 19e788000

Time (s): cpu = 00:00:00 ; elapsed = 00:00:00.080 . Memory (MB): peak = 1774.781 ; gain = 0.000
Ending Power Optimization Task | Checksum: 19e788000

Time (s): cpu = 00:00:03 ; elapsed = 00:00:02 . Memory (MB): peak = 1774.781 ; gain = 131.605

Starting Final Cleanup Task

Starting Logic Optimization Task
INFO: [Timing 38-35] Done setting XDC timing constraints.
Ending Logic Optimization Task | Checksum: e36e1ebc

Time (s): cpu = 00:00:00 ; elapsed = 00:00:00.141 . Memory (MB): peak = 1774.781 ; gain = 0.000
Ending Final Cleanup Task | Checksum: e36e1ebc

Time (s): cpu = 00:00:01 ; elapsed = 00:00:01 . Memory (MB): peak = 1774.781 ; gain = 0.000

Starting Netlist Obfuscation Task
Netlist sorting complete. Time (s): cpu = 00:00:00 ; elapsed = 00:00:00.001 . Memory (MB): peak = 1774.781 ; gain = 0.000
Ending Netlist Obfuscation Task | Checksum: e36e1ebc

Time (s): cpu = 00:00:00 ; elapsed = 00:00:00.001 . Memory (MB): peak = 1774.781 ; gain = 0.000
INFO: [Common 17-83] Releasing license: Implementation
49 Infos, 0 Warnings, 0 Critical Warnings and 0 Errors encountered.
opt_design completed successfully
opt_design: Time (s): cpu = 00:00:10 ; elapsed = 00:00:09 . Memory (MB): peak = 1774.781 ; gain = 649.309
INFO: [Timing 38-480] Writing timing data to binary archive.
Writing placer database...
Writing XDEF routing.
Writing XDEF routing logical nets.
Writing XDEF routing special nets.
Write XDEF Complete: Time (s): cpu = 00:00:00 ; elapsed = 00:00:00.027 . Memory (MB): peak = 1774.781 ; gain = 0.000
INFO: [Common 17-1381] The checkpoint 'C:/Users/keyur/Documents/Vivado/Processor/Processor.runs/impl_1/uproc_top_level_wrapper_opt.dcp' has been generated.
INFO: [runtcl-4] Executing : report_drc -file uproc_top_level_wrapper_drc_opted.rpt -pb uproc_top_level_wrapper_drc_opted.pb -rpx uproc_top_level_wrapper_drc_opted.rpx
Command: report_drc -file uproc_top_level_wrapper_drc_opted.rpt -pb uproc_top_level_wrapper_drc_opted.pb -rpx uproc_top_level_wrapper_drc_opted.rpx
INFO: [IP_Flow 19-1839] IP Catalog is up to date.
INFO: [Timing 38-35] Done setting XDC timing constraints.
INFO: [DRC 23-27] Running DRC with 2 threads
INFO: [Vivado_Tcl 2-168] The results of DRC are in file C:/Users/keyur/Documents/Vivado/Processor/Processor.runs/impl_1/uproc_top_level_wrapper_drc_opted.rpt.
report_drc completed successfully
Command: place_design
Attempting to get a license for feature 'Implementation' and/or device 'xc7z010'
INFO: [Common 17-349] Got license for feature 'Implementation' and/or device 'xc7z010'
INFO: [DRC 23-27] Running DRC with 2 threads
INFO: [Vivado_Tcl 4-198] DRC finished with 0 Errors
INFO: [Vivado_Tcl 4-199] Please refer to the DRC report (report_drc) for more information.
Running DRC as a precondition to command place_design
INFO: [DRC 23-27] Running DRC with 2 threads
INFO: [Vivado_Tcl 4-198] DRC finished with 0 Errors
INFO: [Vivado_Tcl 4-199] Please refer to the DRC report (report_drc) for more information.

Starting Placer Task
INFO: [Place 30-611] Multithreading enabled for place_design using a maximum of 2 CPUs

Phase 1 Placer Initialization

Phase 1.1 Placer Initialization Netlist Sorting
Netlist sorting complete. Time (s): cpu = 00:00:00 ; elapsed = 00:00:00.001 . Memory (MB): peak = 1774.781 ; gain = 0.000
Phase 1.1 Placer Initialization Netlist Sorting | Checksum: ac48ae71

Time (s): cpu = 00:00:00 ; elapsed = 00:00:00.005 . Memory (MB): peak = 1774.781 ; gain = 0.000
Netlist sorting complete. Time (s): cpu = 00:00:00 ; elapsed = 00:00:00.001 . Memory (MB): peak = 1774.781 ; gain = 0.000

Phase 1.2 IO Placement/ Clock Placement/ Build Placer Device
Phase 1.2 IO Placement/ Clock Placement/ Build Placer Device | Checksum: 855ff3eb

Time (s): cpu = 00:00:00 ; elapsed = 00:00:00.103 . Memory (MB): peak = 1774.781 ; gain = 0.000

Phase 1.3 Build Placer Netlist Model
Phase 1.3 Build Placer Netlist Model | Checksum: a79dee97

Time (s): cpu = 00:00:01 ; elapsed = 00:00:00.372 . Memory (MB): peak = 1774.781 ; gain = 0.000

Phase 1.4 Constrain Clocks/Macros
Phase 1.4 Constrain Clocks/Macros | Checksum: a79dee97

Time (s): cpu = 00:00:01 ; elapsed = 00:00:00.374 . Memory (MB): peak = 1774.781 ; gain = 0.000
Phase 1 Placer Initialization | Checksum: a79dee97

Time (s): cpu = 00:00:01 ; elapsed = 00:00:00.378 . Memory (MB): peak = 1774.781 ; gain = 0.000

Phase 2 Global Placement

Phase 2.1 Floorplanning
Phase 2.1 Floorplanning | Checksum: cd2e3214

Time (s): cpu = 00:00:01 ; elapsed = 00:00:00.461 . Memory (MB): peak = 1774.781 ; gain = 0.000

Phase 2.2 Update Timing before SLR Path Opt
Phase 2.2 Update Timing before SLR Path Opt | Checksum: 1415a12b7

Time (s): cpu = 00:00:01 ; elapsed = 00:00:00.524 . Memory (MB): peak = 1774.781 ; gain = 0.000

Phase 2.3 Post-Processing in Floorplanning
Phase 2.3 Post-Processing in Floorplanning | Checksum: 1415a12b7

Time (s): cpu = 00:00:01 ; elapsed = 00:00:00.528 . Memory (MB): peak = 1774.781 ; gain = 0.000

Phase 2.4 Global Placement Core

Phase 2.4.1 Physical Synthesis In Placer
INFO: [Physopt 32-1035] Found 0 LUTNM shape to break, 107 LUT instances to create LUTNM shape
INFO: [Physopt 32-1044] Break lutnm for timing: one critical 0, two critical 0, total 0, new lutff created 0
INFO: [Physopt 32-1138] End 1 Pass. Optimized 47 nets or LUTs. Breaked 0 LUT, combined 47 existing LUTs and moved 0 existing LUT
INFO: [Physopt 32-65] No nets found for high-fanout optimization.
INFO: [Physopt 32-232] Optimized 0 net. Created 0 new instance.
INFO: [Physopt 32-775] End 1 Pass. Optimized 0 net or cell. Created 0 new cell, deleted 0 existing cell and moved 0 existing cell
INFO: [Physopt 32-670] No setup violation found.  DSP Register Optimization was not performed.
INFO: [Physopt 32-670] No setup violation found.  Shift Register to Pipeline Optimization was not performed.
INFO: [Physopt 32-670] No setup violation found.  Shift Register Optimization was not performed.
INFO: [Physopt 32-670] No setup violation found.  BRAM Register Optimization was not performed.
INFO: [Physopt 32-670] No setup violation found.  URAM Register Optimization was not performed.
INFO: [Physopt 32-949] No candidate nets found for dynamic/static region interface net replication
INFO: [Physopt 32-775] End 1 Pass. Optimized 0 net or cell. Created 0 new cell, deleted 0 existing cell and moved 0 existing cell
Netlist sorting complete. Time (s): cpu = 00:00:00 ; elapsed = 00:00:00.001 . Memory (MB): peak = 1774.781 ; gain = 0.000

Summary of Physical Synthesis Optimizations
============================================


-----------------------------------------------------------------------------------------------------------------------------------------------------------
|  Optimization                                     |  Added Cells  |  Removed Cells  |  Optimized Cells/Nets  |  Dont Touch  |  Iterations  |  Elapsed   |
-----------------------------------------------------------------------------------------------------------------------------------------------------------
|  LUT Combining                                    |            0  |             47  |                    47  |           0  |           1  |  00:00:00  |
|  Retime                                           |            0  |              0  |                     0  |           0  |           1  |  00:00:00  |
|  Very High Fanout                                 |            0  |              0  |                     0  |           0  |           1  |  00:00:00  |
|  DSP Register                                     |            0  |              0  |                     0  |           0  |           0  |  00:00:00  |
|  Shift Register to Pipeline                       |            0  |              0  |                     0  |           0  |           0  |  00:00:00  |
|  Shift Register                                   |            0  |              0  |                     0  |           0  |           0  |  00:00:00  |
|  BRAM Register                                    |            0  |              0  |                     0  |           0  |           0  |  00:00:00  |
|  URAM Register                                    |            0  |              0  |                     0  |           0  |           0  |  00:00:00  |
|  Dynamic/Static Region Interface Net Replication  |            0  |              0  |                     0  |           0  |           1  |  00:00:00  |
|  Total                                            |            0  |             47  |                    47  |           0  |           4  |  00:00:00  |
-----------------------------------------------------------------------------------------------------------------------------------------------------------


Phase 2.4.1 Physical Synthesis In Placer | Checksum: 211094913

Time (s): cpu = 00:00:04 ; elapsed = 00:00:02 . Memory (MB): peak = 1774.781 ; gain = 0.000
Phase 2.4 Global Placement Core | Checksum: 2831f7c2f

Time (s): cpu = 00:00:04 ; elapsed = 00:00:02 . Memory (MB): peak = 1774.781 ; gain = 0.000
Phase 2 Global Placement | Checksum: 2831f7c2f

Time (s): cpu = 00:00:04 ; elapsed = 00:00:02 . Memory (MB): peak = 1774.781 ; gain = 0.000

Phase 3 Detail Placement

Phase 3.1 Commit Multi Column Macros
Phase 3.1 Commit Multi Column Macros | Checksum: 297c9d1ab

Time (s): cpu = 00:00:04 ; elapsed = 00:00:02 . Memory (MB): peak = 1774.781 ; gain = 0.000

Phase 3.2 Commit Most Macros & LUTRAMs
Phase 3.2 Commit Most Macros & LUTRAMs | Checksum: 16aed948f

Time (s): cpu = 00:00:04 ; elapsed = 00:00:02 . Memory (MB): peak = 1774.781 ; gain = 0.000

Phase 3.3 Area Swap Optimization
Phase 3.3 Area Swap Optimization | Checksum: 1f1db2582

Time (s): cpu = 00:00:04 ; elapsed = 00:00:02 . Memory (MB): peak = 1774.781 ; gain = 0.000

Phase 3.4 Pipeline Register Optimization
Phase 3.4 Pipeline Register Optimization | Checksum: 13a048dd0

Time (s): cpu = 00:00:04 ; elapsed = 00:00:02 . Memory (MB): peak = 1774.781 ; gain = 0.000

Phase 3.5 Fast Optimization
Phase 3.5 Fast Optimization | Checksum: 1613ffbb9

Time (s): cpu = 00:00:05 ; elapsed = 00:00:02 . Memory (MB): peak = 1774.781 ; gain = 0.000

Phase 3.6 Small Shape Detail Placement
Phase 3.6 Small Shape Detail Placement | Checksum: 17dc6c8b6

Time (s): cpu = 00:00:05 ; elapsed = 00:00:03 . Memory (MB): peak = 1774.781 ; gain = 0.000

Phase 3.7 Re-assign LUT pins
Phase 3.7 Re-assign LUT pins | Checksum: 1d02f4c4b

Time (s): cpu = 00:00:05 ; elapsed = 00:00:03 . Memory (MB): peak = 1774.781 ; gain = 0.000

Phase 3.8 Pipeline Register Optimization
Phase 3.8 Pipeline Register Optimization | Checksum: 207d86415

Time (s): cpu = 00:00:05 ; elapsed = 00:00:03 . Memory (MB): peak = 1774.781 ; gain = 0.000
Phase 3 Detail Placement | Checksum: 207d86415

Time (s): cpu = 00:00:05 ; elapsed = 00:00:03 . Memory (MB): peak = 1774.781 ; gain = 0.000

Phase 4 Post Placement Optimization and Clean-Up

Phase 4.1 Post Commit Optimization
INFO: [Timing 38-35] Done setting XDC timing constraints.

Phase 4.1.1 Post Placement Optimization
Post Placement Optimization Initialization | Checksum: 2126b3526

Phase 4.1.1.1 BUFG Insertion

Starting Physical Synthesis Task

Phase 1 Physical Synthesis Initialization
INFO: [Physopt 32-721] Multithreading enabled for phys_opt_design using a maximum of 2 CPUs
INFO: [Physopt 32-619] Estimated Timing Summary | WNS=0.445 | TNS=0.000 |
Phase 1 Physical Synthesis Initialization | Checksum: 1c7a62974

Time (s): cpu = 00:00:00 ; elapsed = 00:00:00.075 . Memory (MB): peak = 1774.781 ; gain = 0.000
INFO: [Place 46-56] BUFG insertion identified 0 candidate nets. Inserted BUFG: 0, Replicated BUFG Driver: 0, Skipped due to Placement/Routing Conflicts: 0, Skipped due to Timing Degradation: 0, Skipped due to Illegal Netlist: 0.
Ending Physical Synthesis Task | Checksum: 1a4bf1afd

Time (s): cpu = 00:00:00 ; elapsed = 00:00:00.078 . Memory (MB): peak = 1774.781 ; gain = 0.000
Phase 4.1.1.1 BUFG Insertion | Checksum: 2126b3526

Time (s): cpu = 00:00:06 ; elapsed = 00:00:03 . Memory (MB): peak = 1774.781 ; gain = 0.000

Phase 4.1.1.2 Post Placement Timing Optimization
INFO: [Place 30-746] Post Placement Timing Summary WNS=0.660. For the most accurate timing information please run report_timing.
Phase 4.1.1.2 Post Placement Timing Optimization | Checksum: 206c3333e

Time (s): cpu = 00:00:06 ; elapsed = 00:00:04 . Memory (MB): peak = 1774.781 ; gain = 0.000

Time (s): cpu = 00:00:06 ; elapsed = 00:00:04 . Memory (MB): peak = 1774.781 ; gain = 0.000
Phase 4.1 Post Commit Optimization | Checksum: 206c3333e

Time (s): cpu = 00:00:06 ; elapsed = 00:00:04 . Memory (MB): peak = 1774.781 ; gain = 0.000

Phase 4.2 Post Placement Cleanup
Phase 4.2 Post Placement Cleanup | Checksum: 206c3333e

Time (s): cpu = 00:00:06 ; elapsed = 00:00:04 . Memory (MB): peak = 1774.781 ; gain = 0.000

Phase 4.3 Placer Reporting

Phase 4.3.1 Print Estimated Congestion
INFO: [Place 30-612] Post-Placement Estimated Congestion 
 ____________________________________________________
|           | Global Congestion | Short Congestion  |
| Direction | Region Size       | Region Size       |
|___________|___________________|___________________|
|      North|                1x1|                2x2|
|___________|___________________|___________________|
|      South|                1x1|                1x1|
|___________|___________________|___________________|
|       East|                1x1|                1x1|
|___________|___________________|___________________|
|       West|                1x1|                1x1|
|___________|___________________|___________________|

Phase 4.3.1 Print Estimated Congestion | Checksum: 206c3333e

Time (s): cpu = 00:00:06 ; elapsed = 00:00:04 . Memory (MB): peak = 1774.781 ; gain = 0.000
Phase 4.3 Placer Reporting | Checksum: 206c3333e

Time (s): cpu = 00:00:06 ; elapsed = 00:00:04 . Memory (MB): peak = 1774.781 ; gain = 0.000

Phase 4.4 Final Placement Cleanup
Netlist sorting complete. Time (s): cpu = 00:00:00 ; elapsed = 00:00:00.001 . Memory (MB): peak = 1774.781 ; gain = 0.000

Time (s): cpu = 00:00:06 ; elapsed = 00:00:04 . Memory (MB): peak = 1774.781 ; gain = 0.000
Phase 4 Post Placement Optimization and Clean-Up | Checksum: 1a40fcf26

Time (s): cpu = 00:00:06 ; elapsed = 00:00:04 . Memory (MB): peak = 1774.781 ; gain = 0.000
Ending Placer Task | Checksum: 14093df1d

Time (s): cpu = 00:00:06 ; elapsed = 00:00:04 . Memory (MB): peak = 1774.781 ; gain = 0.000
INFO: [Common 17-83] Releasing license: Implementation
84 Infos, 0 Warnings, 0 Critical Warnings and 0 Errors encountered.
place_design completed successfully
INFO: [Timing 38-480] Writing timing data to binary archive.
Writing placer database...
Writing XDEF routing.
Writing XDEF routing logical nets.
Writing XDEF routing special nets.
Write XDEF Complete: Time (s): cpu = 00:00:01 ; elapsed = 00:00:00.136 . Memory (MB): peak = 1774.781 ; gain = 0.000
INFO: [Common 17-1381] The checkpoint 'C:/Users/keyur/Documents/Vivado/Processor/Processor.runs/impl_1/uproc_top_level_wrapper_placed.dcp' has been generated.
INFO: [runtcl-4] Executing : report_io -file uproc_top_level_wrapper_io_placed.rpt
report_io: Time (s): cpu = 00:00:00 ; elapsed = 00:00:00.022 . Memory (MB): peak = 1774.781 ; gain = 0.000
INFO: [runtcl-4] Executing : report_utilization -file uproc_top_level_wrapper_utilization_placed.rpt -pb uproc_top_level_wrapper_utilization_placed.pb
INFO: [runtcl-4] Executing : report_control_sets -verbose -file uproc_top_level_wrapper_control_sets_placed.rpt
report_control_sets: Time (s): cpu = 00:00:00 ; elapsed = 00:00:00.004 . Memory (MB): peak = 1774.781 ; gain = 0.000
Command: phys_opt_design
Attempting to get a license for feature 'Implementation' and/or device 'xc7z010'
INFO: [Common 17-349] Got license for feature 'Implementation' and/or device 'xc7z010'
INFO: [Vivado_Tcl 4-383] Design worst setup slack (WNS) is greater than or equal to 0.000 ns. Skipping all physical synthesis optimizations.
INFO: [Vivado_Tcl 4-232] No setup violation found. The netlist was not modified.
INFO: [Common 17-83] Releasing license: Implementation
93 Infos, 0 Warnings, 0 Critical Warnings and 0 Errors encountered.
phys_opt_design completed successfully
INFO: [Timing 38-480] Writing timing data to binary archive.
Writing placer database...
Writing XDEF routing.
Writing XDEF routing logical nets.
Writing XDEF routing special nets.
Write XDEF Complete: Time (s): cpu = 00:00:00 ; elapsed = 00:00:00.121 . Memory (MB): peak = 1774.781 ; gain = 0.000
INFO: [Common 17-1381] The checkpoint 'C:/Users/keyur/Documents/Vivado/Processor/Processor.runs/impl_1/uproc_top_level_wrapper_physopt.dcp' has been generated.
Command: route_design
Attempting to get a license for feature 'Implementation' and/or device 'xc7z010'
INFO: [Common 17-349] Got license for feature 'Implementation' and/or device 'xc7z010'
Running DRC as a precondition to command route_design
INFO: [DRC 23-27] Running DRC with 2 threads
INFO: [Vivado_Tcl 4-198] DRC finished with 0 Errors
INFO: [Vivado_Tcl 4-199] Please refer to the DRC report (report_drc) for more information.


Starting Routing Task
INFO: [Route 35-254] Multithreading enabled for route_design using a maximum of 2 CPUs
Checksum: PlaceDB: b7981480 ConstDB: 0 ShapeSum: 88fbca9d RouteDB: 0

Phase 1 Build RT Design
Phase 1 Build RT Design | Checksum: 298832ee

Time (s): cpu = 00:00:06 ; elapsed = 00:00:05 . Memory (MB): peak = 1774.781 ; gain = 0.000
Post Restoration Checksum: NetGraph: 21f2810 NumContArr: 27690ade Constraints: 0 Timing: 0

Phase 2 Router Initialization

Phase 2.1 Create Timer
Phase 2.1 Create Timer | Checksum: 298832ee

Time (s): cpu = 00:00:06 ; elapsed = 00:00:05 . Memory (MB): peak = 1774.781 ; gain = 0.000

Phase 2.2 Fix Topology Constraints
Phase 2.2 Fix Topology Constraints | Checksum: 298832ee

Time (s): cpu = 00:00:06 ; elapsed = 00:00:05 . Memory (MB): peak = 1774.781 ; gain = 0.000

Phase 2.3 Pre Route Cleanup
Phase 2.3 Pre Route Cleanup | Checksum: 298832ee

Time (s): cpu = 00:00:06 ; elapsed = 00:00:05 . Memory (MB): peak = 1774.781 ; gain = 0.000

Phase 2.4 Update Timing
Phase 2.4 Update Timing | Checksum: 103978160

Time (s): cpu = 00:00:06 ; elapsed = 00:00:06 . Memory (MB): peak = 1775.113 ; gain = 0.332
INFO: [Route 35-416] Intermediate Timing Summary | WNS=0.776  | TNS=0.000  | WHS=-0.291 | THS=-24.365|

Phase 2 Router Initialization | Checksum: acf4b8ad

Time (s): cpu = 00:00:07 ; elapsed = 00:00:06 . Memory (MB): peak = 1775.953 ; gain = 1.172

Router Utilization Summary
  Global Vertical Routing Utilization    = 0.000281532 %
  Global Horizontal Routing Utilization  = 0.000229779 %
  Routable Net Status*
  *Does not include unroutable nets such as driverless and loadless.
  Run report_route_status for detailed report.
  Number of Failed Nets               = 1947
    (Failed Nets is the sum of unrouted and partially routed nets)
  Number of Unrouted Nets             = 1947
  Number of Partially Routed Nets     = 0
  Number of Node Overlaps             = 1


Phase 3 Initial Routing

Phase 3.1 Global Routing
Phase 3.1 Global Routing | Checksum: acf4b8ad

Time (s): cpu = 00:00:07 ; elapsed = 00:00:06 . Memory (MB): peak = 1775.953 ; gain = 1.172
Phase 3 Initial Routing | Checksum: 11d9bedfe

Time (s): cpu = 00:00:07 ; elapsed = 00:00:06 . Memory (MB): peak = 1778.738 ; gain = 3.957

Phase 4 Rip-up And Reroute

Phase 4.1 Global Iteration 0
 Number of Nodes with overlaps = 658
 Number of Nodes with overlaps = 266
 Number of Nodes with overlaps = 181
 Number of Nodes with overlaps = 68
 Number of Nodes with overlaps = 32
 Number of Nodes with overlaps = 9
 Number of Nodes with overlaps = 0
INFO: [Route 35-416] Intermediate Timing Summary | WNS=0.412  | TNS=0.000  | WHS=N/A    | THS=N/A    |

Phase 4.1 Global Iteration 0 | Checksum: 1e283d1c9

Time (s): cpu = 00:00:11 ; elapsed = 00:00:10 . Memory (MB): peak = 1778.738 ; gain = 3.957

Phase 4.2 Global Iteration 1
 Number of Nodes with overlaps = 2
 Number of Nodes with overlaps = 0
INFO: [Route 35-416] Intermediate Timing Summary | WNS=0.412  | TNS=0.000  | WHS=N/A    | THS=N/A    |

Phase 4.2 Global Iteration 1 | Checksum: 22fe3ec5a

Time (s): cpu = 00:00:11 ; elapsed = 00:00:10 . Memory (MB): peak = 1778.738 ; gain = 3.957
Phase 4 Rip-up And Reroute | Checksum: 22fe3ec5a

Time (s): cpu = 00:00:11 ; elapsed = 00:00:10 . Memory (MB): peak = 1778.738 ; gain = 3.957

Phase 5 Delay and Skew Optimization

Phase 5.1 Delay CleanUp

Phase 5.1.1 Update Timing
Phase 5.1.1 Update Timing | Checksum: 1d70a3442

Time (s): cpu = 00:00:12 ; elapsed = 00:00:10 . Memory (MB): peak = 1778.738 ; gain = 3.957
INFO: [Route 35-416] Intermediate Timing Summary | WNS=0.527  | TNS=0.000  | WHS=N/A    | THS=N/A    |

Phase 5.1 Delay CleanUp | Checksum: 1d70a3442

Time (s): cpu = 00:00:12 ; elapsed = 00:00:10 . Memory (MB): peak = 1778.738 ; gain = 3.957

Phase 5.2 Clock Skew Optimization
Phase 5.2 Clock Skew Optimization | Checksum: 1d70a3442

Time (s): cpu = 00:00:12 ; elapsed = 00:00:10 . Memory (MB): peak = 1778.738 ; gain = 3.957
Phase 5 Delay and Skew Optimization | Checksum: 1d70a3442

Time (s): cpu = 00:00:12 ; elapsed = 00:00:10 . Memory (MB): peak = 1778.738 ; gain = 3.957

Phase 6 Post Hold Fix

Phase 6.1 Hold Fix Iter

Phase 6.1.1 Update Timing
Phase 6.1.1 Update Timing | Checksum: 251f7e6dd

Time (s): cpu = 00:00:12 ; elapsed = 00:00:10 . Memory (MB): peak = 1778.738 ; gain = 3.957
INFO: [Route 35-416] Intermediate Timing Summary | WNS=0.527  | TNS=0.000  | WHS=0.064  | THS=0.000  |

Phase 6.1 Hold Fix Iter | Checksum: 25805ccc9

Time (s): cpu = 00:00:12 ; elapsed = 00:00:10 . Memory (MB): peak = 1778.738 ; gain = 3.957
Phase 6 Post Hold Fix | Checksum: 25805ccc9

Time (s): cpu = 00:00:12 ; elapsed = 00:00:10 . Memory (MB): peak = 1778.738 ; gain = 3.957

Phase 7 Route finalize

Router Utilization Summary
  Global Vertical Routing Utilization    = 1.83502 %
  Global Horizontal Routing Utilization  = 2.30538 %
  Routable Net Status*
  *Does not include unroutable nets such as driverless and loadless.
  Run report_route_status for detailed report.
  Number of Failed Nets               = 0
    (Failed Nets is the sum of unrouted and partially routed nets)
  Number of Unrouted Nets             = 0
  Number of Partially Routed Nets     = 0
  Number of Node Overlaps             = 0

Phase 7 Route finalize | Checksum: 1be146042

Time (s): cpu = 00:00:12 ; elapsed = 00:00:10 . Memory (MB): peak = 1778.738 ; gain = 3.957

Phase 8 Verifying routed nets

 Verification completed successfully
Phase 8 Verifying routed nets | Checksum: 1be146042

Time (s): cpu = 00:00:12 ; elapsed = 00:00:11 . Memory (MB): peak = 1778.738 ; gain = 3.957

Phase 9 Depositing Routes
Phase 9 Depositing Routes | Checksum: 1a2874cbb

Time (s): cpu = 00:00:12 ; elapsed = 00:00:11 . Memory (MB): peak = 1778.738 ; gain = 3.957

Phase 10 Post Router Timing
INFO: [Route 35-57] Estimated Timing Summary | WNS=0.527  | TNS=0.000  | WHS=0.064  | THS=0.000  |

INFO: [Route 35-327] The final timing numbers are based on the router estimated timing analysis. For a complete and accurate timing signoff, please run report_timing_summary.
Phase 10 Post Router Timing | Checksum: 1a2874cbb

Time (s): cpu = 00:00:12 ; elapsed = 00:00:11 . Memory (MB): peak = 1778.738 ; gain = 3.957
INFO: [Route 35-16] Router Completed Successfully

Time (s): cpu = 00:00:12 ; elapsed = 00:00:11 . Memory (MB): peak = 1778.738 ; gain = 3.957

Routing Is Done.
INFO: [Common 17-83] Releasing license: Implementation
109 Infos, 0 Warnings, 0 Critical Warnings and 0 Errors encountered.
route_design completed successfully
route_design: Time (s): cpu = 00:00:14 ; elapsed = 00:00:12 . Memory (MB): peak = 1778.738 ; gain = 3.957
INFO: [Timing 38-480] Writing timing data to binary archive.
Writing placer database...
Writing XDEF routing.
Writing XDEF routing logical nets.
Writing XDEF routing special nets.
Write XDEF Complete: Time (s): cpu = 00:00:01 ; elapsed = 00:00:00.179 . Memory (MB): peak = 1793.660 ; gain = 14.922
INFO: [Common 17-1381] The checkpoint 'C:/Users/keyur/Documents/Vivado/Processor/Processor.runs/impl_1/uproc_top_level_wrapper_routed.dcp' has been generated.
INFO: [runtcl-4] Executing : report_drc -file uproc_top_level_wrapper_drc_routed.rpt -pb uproc_top_level_wrapper_drc_routed.pb -rpx uproc_top_level_wrapper_drc_routed.rpx
Command: report_drc -file uproc_top_level_wrapper_drc_routed.rpt -pb uproc_top_level_wrapper_drc_routed.pb -rpx uproc_top_level_wrapper_drc_routed.rpx
INFO: [IP_Flow 19-1839] IP Catalog is up to date.
INFO: [DRC 23-27] Running DRC with 2 threads
INFO: [Vivado_Tcl 2-168] The results of DRC are in file C:/Users/keyur/Documents/Vivado/Processor/Processor.runs/impl_1/uproc_top_level_wrapper_drc_routed.rpt.
report_drc completed successfully
INFO: [runtcl-4] Executing : report_methodology -file uproc_top_level_wrapper_methodology_drc_routed.rpt -pb uproc_top_level_wrapper_methodology_drc_routed.pb -rpx uproc_top_level_wrapper_methodology_drc_routed.rpx
Command: report_methodology -file uproc_top_level_wrapper_methodology_drc_routed.rpt -pb uproc_top_level_wrapper_methodology_drc_routed.pb -rpx uproc_top_level_wrapper_methodology_drc_routed.rpx
INFO: [Timing 38-35] Done setting XDC timing constraints.
INFO: [DRC 23-133] Running Methodology with 2 threads
INFO: [Vivado_Tcl 2-1520] The results of Report Methodology are in file C:/Users/keyur/Documents/Vivado/Processor/Processor.runs/impl_1/uproc_top_level_wrapper_methodology_drc_routed.rpt.
report_methodology completed successfully
INFO: [runtcl-4] Executing : report_power -file uproc_top_level_wrapper_power_routed.rpt -pb uproc_top_level_wrapper_power_summary_routed.pb -rpx uproc_top_level_wrapper_power_routed.rpx
Command: report_power -file uproc_top_level_wrapper_power_routed.rpt -pb uproc_top_level_wrapper_power_summary_routed.pb -rpx uproc_top_level_wrapper_power_routed.rpx
INFO: [Timing 38-35] Done setting XDC timing constraints.
Running Vector-less Activity Propagation...

Finished Running Vector-less Activity Propagation
121 Infos, 0 Warnings, 0 Critical Warnings and 0 Errors encountered.
report_power completed successfully
INFO: [runtcl-4] Executing : report_route_status -file uproc_top_level_wrapper_route_status.rpt -pb uproc_top_level_wrapper_route_status.pb
INFO: [runtcl-4] Executing : report_timing_summary -max_paths 10 -file uproc_top_level_wrapper_timing_summary_routed.rpt -pb uproc_top_level_wrapper_timing_summary_routed.pb -rpx uproc_top_level_wrapper_timing_summary_routed.rpx -warn_on_violation 
INFO: [Timing 38-91] UpdateTimingParams: Speed grade: -1, Delay Type: min_max.
INFO: [Timing 38-191] Multithreading enabled for timing update using a maximum of 2 CPUs
INFO: [runtcl-4] Executing : report_incremental_reuse -file uproc_top_level_wrapper_incremental_reuse_routed.rpt
INFO: [Vivado_Tcl 4-1062] Incremental flow is disabled. No incremental reuse Info to report.
INFO: [runtcl-4] Executing : report_clock_utilization -file uproc_top_level_wrapper_clock_utilization_routed.rpt
INFO: [runtcl-4] Executing : report_bus_skew -warn_on_violation -file uproc_top_level_wrapper_bus_skew_routed.rpt -pb uproc_top_level_wrapper_bus_skew_routed.pb -rpx uproc_top_level_wrapper_bus_skew_routed.rpx
INFO: [Timing 38-91] UpdateTimingParams: Speed grade: -1, Delay Type: min_max.
INFO: [Timing 38-191] Multithreading enabled for timing update using a maximum of 2 CPUs
Command: write_bitstream -force uproc_top_level_wrapper.bit
Attempting to get a license for feature 'Implementation' and/or device 'xc7z010'
INFO: [Common 17-349] Got license for feature 'Implementation' and/or device 'xc7z010'
Running DRC as a precondition to command write_bitstream
INFO: [IP_Flow 19-1839] IP Catalog is up to date.
INFO: [DRC 23-27] Running DRC with 2 threads
WARNING: [DRC REQP-1580] Phase alignment: Unsupported clocking topology used for OSERDESE2 uproc_top_level_i/rgb2dvi_0/U0/ClockSerializer/SerializerMaster. This can result in corrupted data. The uproc_top_level_i/rgb2dvi_0/U0/ClockSerializer/SerializerMaster/CLK / uproc_top_level_i/rgb2dvi_0/U0/ClockSerializer/SerializerMaster/CLKDIV pins should be driven by the same source through the same buffer type or by a BUFIO / BUFR combination in order to have a proper phase relationship. Please refer to the Select I/O User Guide for supported clocking topologies of the chosen INTERFACE_TYPE mode.
WARNING: [DRC REQP-1580] Phase alignment: Unsupported clocking topology used for OSERDESE2 uproc_top_level_i/rgb2dvi_0/U0/ClockSerializer/SerializerSlave. This can result in corrupted data. The uproc_top_level_i/rgb2dvi_0/U0/ClockSerializer/SerializerSlave/CLK / uproc_top_level_i/rgb2dvi_0/U0/ClockSerializer/SerializerSlave/CLKDIV pins should be driven by the same source through the same buffer type or by a BUFIO / BUFR combination in order to have a proper phase relationship. Please refer to the Select I/O User Guide for supported clocking topologies of the chosen INTERFACE_TYPE mode.
WARNING: [DRC REQP-1580] Phase alignment: Unsupported clocking topology used for OSERDESE2 uproc_top_level_i/rgb2dvi_0/U0/DataEncoders[0].DataSerializer/SerializerMaster. This can result in corrupted data. The uproc_top_level_i/rgb2dvi_0/U0/DataEncoders[0].DataSerializer/SerializerMaster/CLK / uproc_top_level_i/rgb2dvi_0/U0/DataEncoders[0].DataSerializer/SerializerMaster/CLKDIV pins should be driven by the same source through the same buffer type or by a BUFIO / BUFR combination in order to have a proper phase relationship. Please refer to the Select I/O User Guide for supported clocking topologies of the chosen INTERFACE_TYPE mode.
WARNING: [DRC REQP-1580] Phase alignment: Unsupported clocking topology used for OSERDESE2 uproc_top_level_i/rgb2dvi_0/U0/DataEncoders[0].DataSerializer/SerializerSlave. This can result in corrupted data. The uproc_top_level_i/rgb2dvi_0/U0/DataEncoders[0].DataSerializer/SerializerSlave/CLK / uproc_top_level_i/rgb2dvi_0/U0/DataEncoders[0].DataSerializer/SerializerSlave/CLKDIV pins should be driven by the same source through the same buffer type or by a BUFIO / BUFR combination in order to have a proper phase relationship. Please refer to the Select I/O User Guide for supported clocking topologies of the chosen INTERFACE_TYPE mode.
WARNING: [DRC REQP-1580] Phase alignment: Unsupported clocking topology used for OSERDESE2 uproc_top_level_i/rgb2dvi_0/U0/DataEncoders[1].DataSerializer/SerializerMaster. This can result in corrupted data. The uproc_top_level_i/rgb2dvi_0/U0/DataEncoders[1].DataSerializer/SerializerMaster/CLK / uproc_top_level_i/rgb2dvi_0/U0/DataEncoders[1].DataSerializer/SerializerMaster/CLKDIV pins should be driven by the same source through the same buffer type or by a BUFIO / BUFR combination in order to have a proper phase relationship. Please refer to the Select I/O User Guide for supported clocking topologies of the chosen INTERFACE_TYPE mode.
WARNING: [DRC REQP-1580] Phase alignment: Unsupported clocking topology used for OSERDESE2 uproc_top_level_i/rgb2dvi_0/U0/DataEncoders[1].DataSerializer/SerializerSlave. This can result in corrupted data. The uproc_top_level_i/rgb2dvi_0/U0/DataEncoders[1].DataSerializer/SerializerSlave/CLK / uproc_top_level_i/rgb2dvi_0/U0/DataEncoders[1].DataSerializer/SerializerSlave/CLKDIV pins should be driven by the same source through the same buffer type or by a BUFIO / BUFR combination in order to have a proper phase relationship. Please refer to the Select I/O User Guide for supported clocking topologies of the chosen INTERFACE_TYPE mode.
WARNING: [DRC REQP-1580] Phase alignment: Unsupported clocking topology used for OSERDESE2 uproc_top_level_i/rgb2dvi_0/U0/DataEncoders[2].DataSerializer/SerializerMaster. This can result in corrupted data. The uproc_top_level_i/rgb2dvi_0/U0/DataEncoders[2].DataSerializer/SerializerMaster/CLK / uproc_top_level_i/rgb2dvi_0/U0/DataEncoders[2].DataSerializer/SerializerMaster/CLKDIV pins should be driven by the same source through the same buffer type or by a BUFIO / BUFR combination in order to have a proper phase relationship. Please refer to the Select I/O User Guide for supported clocking topologies of the chosen INTERFACE_TYPE mode.
WARNING: [DRC REQP-1580] Phase alignment: Unsupported clocking topology used for OSERDESE2 uproc_top_level_i/rgb2dvi_0/U0/DataEncoders[2].DataSerializer/SerializerSlave. This can result in corrupted data. The uproc_top_level_i/rgb2dvi_0/U0/DataEncoders[2].DataSerializer/SerializerSlave/CLK / uproc_top_level_i/rgb2dvi_0/U0/DataEncoders[2].DataSerializer/SerializerSlave/CLKDIV pins should be driven by the same source through the same buffer type or by a BUFIO / BUFR combination in order to have a proper phase relationship. Please refer to the Select I/O User Guide for supported clocking topologies of the chosen INTERFACE_TYPE mode.
WARNING: [DRC ZPS7-1] PS7 block required: The PS7 cell must be used in this Zynq design in order to enable correct default configuration.
INFO: [Vivado 12-3199] DRC finished with 0 Errors, 9 Warnings
INFO: [Vivado 12-3200] Please refer to the DRC report (report_drc) for more information.
INFO: [Designutils 20-2272] Running write_bitstream with 2 threads.
Loading data files...
Loading site data...
Loading route data...
Processing options...
Creating bitmap...
Creating bitstream...
Writing bitstream ./uproc_top_level_wrapper.bit...
INFO: [Vivado 12-1842] Bitgen Completed Successfully.
INFO: [#UNDEF] WebTalk data collection is mandatory when using a WebPACK part without a full Vivado license. To see the specific WebTalk data collected for your design, open the usage_statistics_webtalk.html or usage_statistics_webtalk.xml file in the implementation directory.
INFO: [Common 17-83] Releasing license: Implementation
12 Infos, 9 Warnings, 0 Critical Warnings and 0 Errors encountered.
write_bitstream completed successfully
write_bitstream: Time (s): cpu = 00:00:08 ; elapsed = 00:00:08 . Memory (MB): peak = 2246.320 ; gain = 444.477
INFO: [Common 17-206] Exiting Vivado at Tue Oct  1 21:13:46 2024...
