Copyright 1986-2021 Xilinx, Inc. All Rights Reserved.
-----------------------------------------------------------------------------------------------------------------------------------------------------------------------------------------------------------
| Tool Version : Vivado v.2021.1 (win64) Build 3247384 Thu Jun 10 19:36:33 MDT 2021
| Date         : Tue Oct  1 21:13:34 2024
| Host         : Key running 64-bit major release  (build 9200)
| Command      : report_methodology -file uproc_top_level_wrapper_methodology_drc_routed.rpt -pb uproc_top_level_wrapper_methodology_drc_routed.pb -rpx uproc_top_level_wrapper_methodology_drc_routed.rpx
| Design       : uproc_top_level_wrapper
| Device       : xc7z010clg400-1
| Speed File   : -1
| Design State : Fully Routed
-----------------------------------------------------------------------------------------------------------------------------------------------------------------------------------------------------------

Report Methodology

Table of Contents
-----------------
1. REPORT SUMMARY
2. REPORT DETAILS

1. REPORT SUMMARY
-----------------
            Netlist: netlist
          Floorplan: design_1
      Design limits: <entire design considered>
             Max violations: <unlimited>
             Violations found: 131
+-----------+------------------+---------------------------------------------+------------+
| Rule      | Severity         | Description                                 | Violations |
+-----------+------------------+---------------------------------------------+------------+
| TIMING-17 | Critical Warning | Non-clocked sequential cell                 | 118        |
| LUTAR-1   | Warning          | LUT drives async reset alert                | 1          |
| TIMING-18 | Warning          | Missing input or output delay               | 11         |
| XDCB-5    | Warning          | Runtime inefficient way to find pin objects | 1          |
+-----------+------------------+---------------------------------------------+------------+

2. REPORT DETAILS
-----------------
TIMING-17#1 Critical Warning
Non-clocked sequential cell  
The clock pin uproc_top_level_i/rgb2dvi_0/U0/ClockSerializer/SerializerMaster/CLKDIV is not reached by a timing clock
Related violations: <none>

TIMING-17#2 Critical Warning
Non-clocked sequential cell  
The clock pin uproc_top_level_i/rgb2dvi_0/U0/ClockSerializer/SerializerSlave/CLKDIV is not reached by a timing clock
Related violations: <none>

TIMING-17#3 Critical Warning
Non-clocked sequential cell  
The clock pin uproc_top_level_i/rgb2dvi_0/U0/DataEncoders[0].DataEncoder/cnt_t_3_reg[1]/C is not reached by a timing clock
Related violations: <none>

TIMING-17#4 Critical Warning
Non-clocked sequential cell  
The clock pin uproc_top_level_i/rgb2dvi_0/U0/DataEncoders[0].DataEncoder/cnt_t_3_reg[2]/C is not reached by a timing clock
Related violations: <none>

TIMING-17#5 Critical Warning
Non-clocked sequential cell  
The clock pin uproc_top_level_i/rgb2dvi_0/U0/DataEncoders[0].DataEncoder/cnt_t_3_reg[3]/C is not reached by a timing clock
Related violations: <none>

TIMING-17#6 Critical Warning
Non-clocked sequential cell  
The clock pin uproc_top_level_i/rgb2dvi_0/U0/DataEncoders[0].DataEncoder/cnt_t_3_reg[4]/C is not reached by a timing clock
Related violations: <none>

TIMING-17#7 Critical Warning
Non-clocked sequential cell  
The clock pin uproc_top_level_i/rgb2dvi_0/U0/DataEncoders[0].DataEncoder/n0q_m_2_reg[1]/C is not reached by a timing clock
Related violations: <none>

TIMING-17#8 Critical Warning
Non-clocked sequential cell  
The clock pin uproc_top_level_i/rgb2dvi_0/U0/DataEncoders[0].DataEncoder/n0q_m_2_reg[2]/C is not reached by a timing clock
Related violations: <none>

TIMING-17#9 Critical Warning
Non-clocked sequential cell  
The clock pin uproc_top_level_i/rgb2dvi_0/U0/DataEncoders[0].DataEncoder/n0q_m_2_reg[3]/C is not reached by a timing clock
Related violations: <none>

TIMING-17#10 Critical Warning
Non-clocked sequential cell  
The clock pin uproc_top_level_i/rgb2dvi_0/U0/DataEncoders[0].DataEncoder/n1d_1_reg[2]/C is not reached by a timing clock
Related violations: <none>

TIMING-17#11 Critical Warning
Non-clocked sequential cell  
The clock pin uproc_top_level_i/rgb2dvi_0/U0/DataEncoders[0].DataEncoder/n1q_m_2_reg[0]/C is not reached by a timing clock
Related violations: <none>

TIMING-17#12 Critical Warning
Non-clocked sequential cell  
The clock pin uproc_top_level_i/rgb2dvi_0/U0/DataEncoders[0].DataEncoder/n1q_m_2_reg[1]/C is not reached by a timing clock
Related violations: <none>

TIMING-17#13 Critical Warning
Non-clocked sequential cell  
The clock pin uproc_top_level_i/rgb2dvi_0/U0/DataEncoders[0].DataEncoder/n1q_m_2_reg[2]/C is not reached by a timing clock
Related violations: <none>

TIMING-17#14 Critical Warning
Non-clocked sequential cell  
The clock pin uproc_top_level_i/rgb2dvi_0/U0/DataEncoders[0].DataEncoder/pC0_1_reg/C is not reached by a timing clock
Related violations: <none>

TIMING-17#15 Critical Warning
Non-clocked sequential cell  
The clock pin uproc_top_level_i/rgb2dvi_0/U0/DataEncoders[0].DataEncoder/pC0_2_reg/C is not reached by a timing clock
Related violations: <none>

TIMING-17#16 Critical Warning
Non-clocked sequential cell  
The clock pin uproc_top_level_i/rgb2dvi_0/U0/DataEncoders[0].DataEncoder/pC1_1_reg/C is not reached by a timing clock
Related violations: <none>

TIMING-17#17 Critical Warning
Non-clocked sequential cell  
The clock pin uproc_top_level_i/rgb2dvi_0/U0/DataEncoders[0].DataEncoder/pC1_2_reg/C is not reached by a timing clock
Related violations: <none>

TIMING-17#18 Critical Warning
Non-clocked sequential cell  
The clock pin uproc_top_level_i/rgb2dvi_0/U0/DataEncoders[0].DataEncoder/pDataOutRaw_reg[0]/C is not reached by a timing clock
Related violations: <none>

TIMING-17#19 Critical Warning
Non-clocked sequential cell  
The clock pin uproc_top_level_i/rgb2dvi_0/U0/DataEncoders[0].DataEncoder/pDataOutRaw_reg[1]/C is not reached by a timing clock
Related violations: <none>

TIMING-17#20 Critical Warning
Non-clocked sequential cell  
The clock pin uproc_top_level_i/rgb2dvi_0/U0/DataEncoders[0].DataEncoder/pDataOutRaw_reg[2]/C is not reached by a timing clock
Related violations: <none>

TIMING-17#21 Critical Warning
Non-clocked sequential cell  
The clock pin uproc_top_level_i/rgb2dvi_0/U0/DataEncoders[0].DataEncoder/pDataOutRaw_reg[3]/C is not reached by a timing clock
Related violations: <none>

TIMING-17#22 Critical Warning
Non-clocked sequential cell  
The clock pin uproc_top_level_i/rgb2dvi_0/U0/DataEncoders[0].DataEncoder/pDataOutRaw_reg[4]/C is not reached by a timing clock
Related violations: <none>

TIMING-17#23 Critical Warning
Non-clocked sequential cell  
The clock pin uproc_top_level_i/rgb2dvi_0/U0/DataEncoders[0].DataEncoder/pDataOutRaw_reg[5]/C is not reached by a timing clock
Related violations: <none>

TIMING-17#24 Critical Warning
Non-clocked sequential cell  
The clock pin uproc_top_level_i/rgb2dvi_0/U0/DataEncoders[0].DataEncoder/pDataOutRaw_reg[6]/C is not reached by a timing clock
Related violations: <none>

TIMING-17#25 Critical Warning
Non-clocked sequential cell  
The clock pin uproc_top_level_i/rgb2dvi_0/U0/DataEncoders[0].DataEncoder/pDataOutRaw_reg[7]/C is not reached by a timing clock
Related violations: <none>

TIMING-17#26 Critical Warning
Non-clocked sequential cell  
The clock pin uproc_top_level_i/rgb2dvi_0/U0/DataEncoders[0].DataEncoder/pDataOutRaw_reg[8]/C is not reached by a timing clock
Related violations: <none>

TIMING-17#27 Critical Warning
Non-clocked sequential cell  
The clock pin uproc_top_level_i/rgb2dvi_0/U0/DataEncoders[0].DataEncoder/pDataOutRaw_reg[9]/C is not reached by a timing clock
Related violations: <none>

TIMING-17#28 Critical Warning
Non-clocked sequential cell  
The clock pin uproc_top_level_i/rgb2dvi_0/U0/DataEncoders[0].DataEncoder/pDataOut_1_reg[3]/C is not reached by a timing clock
Related violations: <none>

TIMING-17#29 Critical Warning
Non-clocked sequential cell  
The clock pin uproc_top_level_i/rgb2dvi_0/U0/DataEncoders[0].DataEncoder/pDataOut_1_reg[4]/C is not reached by a timing clock
Related violations: <none>

TIMING-17#30 Critical Warning
Non-clocked sequential cell  
The clock pin uproc_top_level_i/rgb2dvi_0/U0/DataEncoders[0].DataEncoder/pDataOut_1_reg[5]/C is not reached by a timing clock
Related violations: <none>

TIMING-17#31 Critical Warning
Non-clocked sequential cell  
The clock pin uproc_top_level_i/rgb2dvi_0/U0/DataEncoders[0].DataEncoder/pDataOut_1_reg[6]/C is not reached by a timing clock
Related violations: <none>

TIMING-17#32 Critical Warning
Non-clocked sequential cell  
The clock pin uproc_top_level_i/rgb2dvi_0/U0/DataEncoders[0].DataEncoder/pDataOut_1_reg[7]/C is not reached by a timing clock
Related violations: <none>

TIMING-17#33 Critical Warning
Non-clocked sequential cell  
The clock pin uproc_top_level_i/rgb2dvi_0/U0/DataEncoders[0].DataEncoder/pVde_1_reg/C is not reached by a timing clock
Related violations: <none>

TIMING-17#34 Critical Warning
Non-clocked sequential cell  
The clock pin uproc_top_level_i/rgb2dvi_0/U0/DataEncoders[0].DataEncoder/pVde_2_reg/C is not reached by a timing clock
Related violations: <none>

TIMING-17#35 Critical Warning
Non-clocked sequential cell  
The clock pin uproc_top_level_i/rgb2dvi_0/U0/DataEncoders[0].DataEncoder/q_m_2_reg[1]/C is not reached by a timing clock
Related violations: <none>

TIMING-17#36 Critical Warning
Non-clocked sequential cell  
The clock pin uproc_top_level_i/rgb2dvi_0/U0/DataEncoders[0].DataEncoder/q_m_2_reg[3]/C is not reached by a timing clock
Related violations: <none>

TIMING-17#37 Critical Warning
Non-clocked sequential cell  
The clock pin uproc_top_level_i/rgb2dvi_0/U0/DataEncoders[0].DataEncoder/q_m_2_reg[4]/C is not reached by a timing clock
Related violations: <none>

TIMING-17#38 Critical Warning
Non-clocked sequential cell  
The clock pin uproc_top_level_i/rgb2dvi_0/U0/DataEncoders[0].DataEncoder/q_m_2_reg[5]/C is not reached by a timing clock
Related violations: <none>

TIMING-17#39 Critical Warning
Non-clocked sequential cell  
The clock pin uproc_top_level_i/rgb2dvi_0/U0/DataEncoders[0].DataEncoder/q_m_2_reg[6]/C is not reached by a timing clock
Related violations: <none>

TIMING-17#40 Critical Warning
Non-clocked sequential cell  
The clock pin uproc_top_level_i/rgb2dvi_0/U0/DataEncoders[0].DataEncoder/q_m_2_reg[7]/C is not reached by a timing clock
Related violations: <none>

TIMING-17#41 Critical Warning
Non-clocked sequential cell  
The clock pin uproc_top_level_i/rgb2dvi_0/U0/DataEncoders[0].DataEncoder/q_m_2_reg[8]/C is not reached by a timing clock
Related violations: <none>

TIMING-17#42 Critical Warning
Non-clocked sequential cell  
The clock pin uproc_top_level_i/rgb2dvi_0/U0/DataEncoders[0].DataSerializer/SerializerMaster/CLKDIV is not reached by a timing clock
Related violations: <none>

TIMING-17#43 Critical Warning
Non-clocked sequential cell  
The clock pin uproc_top_level_i/rgb2dvi_0/U0/DataEncoders[0].DataSerializer/SerializerSlave/CLKDIV is not reached by a timing clock
Related violations: <none>

TIMING-17#44 Critical Warning
Non-clocked sequential cell  
The clock pin uproc_top_level_i/rgb2dvi_0/U0/DataEncoders[1].DataEncoder/cnt_t_3_reg[1]/C is not reached by a timing clock
Related violations: <none>

TIMING-17#45 Critical Warning
Non-clocked sequential cell  
The clock pin uproc_top_level_i/rgb2dvi_0/U0/DataEncoders[1].DataEncoder/cnt_t_3_reg[2]/C is not reached by a timing clock
Related violations: <none>

TIMING-17#46 Critical Warning
Non-clocked sequential cell  
The clock pin uproc_top_level_i/rgb2dvi_0/U0/DataEncoders[1].DataEncoder/cnt_t_3_reg[3]/C is not reached by a timing clock
Related violations: <none>

TIMING-17#47 Critical Warning
Non-clocked sequential cell  
The clock pin uproc_top_level_i/rgb2dvi_0/U0/DataEncoders[1].DataEncoder/cnt_t_3_reg[4]/C is not reached by a timing clock
Related violations: <none>

TIMING-17#48 Critical Warning
Non-clocked sequential cell  
The clock pin uproc_top_level_i/rgb2dvi_0/U0/DataEncoders[1].DataEncoder/n0q_m_2_reg[1]/C is not reached by a timing clock
Related violations: <none>

TIMING-17#49 Critical Warning
Non-clocked sequential cell  
The clock pin uproc_top_level_i/rgb2dvi_0/U0/DataEncoders[1].DataEncoder/n0q_m_2_reg[2]/C is not reached by a timing clock
Related violations: <none>

TIMING-17#50 Critical Warning
Non-clocked sequential cell  
The clock pin uproc_top_level_i/rgb2dvi_0/U0/DataEncoders[1].DataEncoder/n0q_m_2_reg[3]/C is not reached by a timing clock
Related violations: <none>

TIMING-17#51 Critical Warning
Non-clocked sequential cell  
The clock pin uproc_top_level_i/rgb2dvi_0/U0/DataEncoders[1].DataEncoder/n1d_1_reg[2]/C is not reached by a timing clock
Related violations: <none>

TIMING-17#52 Critical Warning
Non-clocked sequential cell  
The clock pin uproc_top_level_i/rgb2dvi_0/U0/DataEncoders[1].DataEncoder/n1q_m_2_reg[0]/C is not reached by a timing clock
Related violations: <none>

TIMING-17#53 Critical Warning
Non-clocked sequential cell  
The clock pin uproc_top_level_i/rgb2dvi_0/U0/DataEncoders[1].DataEncoder/n1q_m_2_reg[1]/C is not reached by a timing clock
Related violations: <none>

TIMING-17#54 Critical Warning
Non-clocked sequential cell  
The clock pin uproc_top_level_i/rgb2dvi_0/U0/DataEncoders[1].DataEncoder/n1q_m_2_reg[2]/C is not reached by a timing clock
Related violations: <none>

TIMING-17#55 Critical Warning
Non-clocked sequential cell  
The clock pin uproc_top_level_i/rgb2dvi_0/U0/DataEncoders[1].DataEncoder/pDataOutRaw_reg[0]/C is not reached by a timing clock
Related violations: <none>

TIMING-17#56 Critical Warning
Non-clocked sequential cell  
The clock pin uproc_top_level_i/rgb2dvi_0/U0/DataEncoders[1].DataEncoder/pDataOutRaw_reg[1]/C is not reached by a timing clock
Related violations: <none>

TIMING-17#57 Critical Warning
Non-clocked sequential cell  
The clock pin uproc_top_level_i/rgb2dvi_0/U0/DataEncoders[1].DataEncoder/pDataOutRaw_reg[2]/C is not reached by a timing clock
Related violations: <none>

TIMING-17#58 Critical Warning
Non-clocked sequential cell  
The clock pin uproc_top_level_i/rgb2dvi_0/U0/DataEncoders[1].DataEncoder/pDataOutRaw_reg[3]/C is not reached by a timing clock
Related violations: <none>

TIMING-17#59 Critical Warning
Non-clocked sequential cell  
The clock pin uproc_top_level_i/rgb2dvi_0/U0/DataEncoders[1].DataEncoder/pDataOutRaw_reg[4]/C is not reached by a timing clock
Related violations: <none>

TIMING-17#60 Critical Warning
Non-clocked sequential cell  
The clock pin uproc_top_level_i/rgb2dvi_0/U0/DataEncoders[1].DataEncoder/pDataOutRaw_reg[5]/C is not reached by a timing clock
Related violations: <none>

TIMING-17#61 Critical Warning
Non-clocked sequential cell  
The clock pin uproc_top_level_i/rgb2dvi_0/U0/DataEncoders[1].DataEncoder/pDataOutRaw_reg[6]/C is not reached by a timing clock
Related violations: <none>

TIMING-17#62 Critical Warning
Non-clocked sequential cell  
The clock pin uproc_top_level_i/rgb2dvi_0/U0/DataEncoders[1].DataEncoder/pDataOutRaw_reg[7]/C is not reached by a timing clock
Related violations: <none>

TIMING-17#63 Critical Warning
Non-clocked sequential cell  
The clock pin uproc_top_level_i/rgb2dvi_0/U0/DataEncoders[1].DataEncoder/pDataOutRaw_reg[8]/C is not reached by a timing clock
Related violations: <none>

TIMING-17#64 Critical Warning
Non-clocked sequential cell  
The clock pin uproc_top_level_i/rgb2dvi_0/U0/DataEncoders[1].DataEncoder/pDataOutRaw_reg[9]/C is not reached by a timing clock
Related violations: <none>

TIMING-17#65 Critical Warning
Non-clocked sequential cell  
The clock pin uproc_top_level_i/rgb2dvi_0/U0/DataEncoders[1].DataEncoder/pDataOut_1_reg[3]/C is not reached by a timing clock
Related violations: <none>

TIMING-17#66 Critical Warning
Non-clocked sequential cell  
The clock pin uproc_top_level_i/rgb2dvi_0/U0/DataEncoders[1].DataEncoder/pDataOut_1_reg[4]/C is not reached by a timing clock
Related violations: <none>

TIMING-17#67 Critical Warning
Non-clocked sequential cell  
The clock pin uproc_top_level_i/rgb2dvi_0/U0/DataEncoders[1].DataEncoder/pDataOut_1_reg[5]/C is not reached by a timing clock
Related violations: <none>

TIMING-17#68 Critical Warning
Non-clocked sequential cell  
The clock pin uproc_top_level_i/rgb2dvi_0/U0/DataEncoders[1].DataEncoder/pDataOut_1_reg[6]/C is not reached by a timing clock
Related violations: <none>

TIMING-17#69 Critical Warning
Non-clocked sequential cell  
The clock pin uproc_top_level_i/rgb2dvi_0/U0/DataEncoders[1].DataEncoder/pDataOut_1_reg[7]/C is not reached by a timing clock
Related violations: <none>

TIMING-17#70 Critical Warning
Non-clocked sequential cell  
The clock pin uproc_top_level_i/rgb2dvi_0/U0/DataEncoders[1].DataEncoder/q_m_2_reg[1]/C is not reached by a timing clock
Related violations: <none>

TIMING-17#71 Critical Warning
Non-clocked sequential cell  
The clock pin uproc_top_level_i/rgb2dvi_0/U0/DataEncoders[1].DataEncoder/q_m_2_reg[3]/C is not reached by a timing clock
Related violations: <none>

TIMING-17#72 Critical Warning
Non-clocked sequential cell  
The clock pin uproc_top_level_i/rgb2dvi_0/U0/DataEncoders[1].DataEncoder/q_m_2_reg[4]/C is not reached by a timing clock
Related violations: <none>

TIMING-17#73 Critical Warning
Non-clocked sequential cell  
The clock pin uproc_top_level_i/rgb2dvi_0/U0/DataEncoders[1].DataEncoder/q_m_2_reg[5]/C is not reached by a timing clock
Related violations: <none>

TIMING-17#74 Critical Warning
Non-clocked sequential cell  
The clock pin uproc_top_level_i/rgb2dvi_0/U0/DataEncoders[1].DataEncoder/q_m_2_reg[6]/C is not reached by a timing clock
Related violations: <none>

TIMING-17#75 Critical Warning
Non-clocked sequential cell  
The clock pin uproc_top_level_i/rgb2dvi_0/U0/DataEncoders[1].DataEncoder/q_m_2_reg[7]/C is not reached by a timing clock
Related violations: <none>

TIMING-17#76 Critical Warning
Non-clocked sequential cell  
The clock pin uproc_top_level_i/rgb2dvi_0/U0/DataEncoders[1].DataEncoder/q_m_2_reg[8]/C is not reached by a timing clock
Related violations: <none>

TIMING-17#77 Critical Warning
Non-clocked sequential cell  
The clock pin uproc_top_level_i/rgb2dvi_0/U0/DataEncoders[1].DataSerializer/SerializerMaster/CLKDIV is not reached by a timing clock
Related violations: <none>

TIMING-17#78 Critical Warning
Non-clocked sequential cell  
The clock pin uproc_top_level_i/rgb2dvi_0/U0/DataEncoders[1].DataSerializer/SerializerSlave/CLKDIV is not reached by a timing clock
Related violations: <none>

TIMING-17#79 Critical Warning
Non-clocked sequential cell  
The clock pin uproc_top_level_i/rgb2dvi_0/U0/DataEncoders[2].DataEncoder/cnt_t_3_reg[1]/C is not reached by a timing clock
Related violations: <none>

TIMING-17#80 Critical Warning
Non-clocked sequential cell  
The clock pin uproc_top_level_i/rgb2dvi_0/U0/DataEncoders[2].DataEncoder/cnt_t_3_reg[2]/C is not reached by a timing clock
Related violations: <none>

TIMING-17#81 Critical Warning
Non-clocked sequential cell  
The clock pin uproc_top_level_i/rgb2dvi_0/U0/DataEncoders[2].DataEncoder/cnt_t_3_reg[3]/C is not reached by a timing clock
Related violations: <none>

TIMING-17#82 Critical Warning
Non-clocked sequential cell  
The clock pin uproc_top_level_i/rgb2dvi_0/U0/DataEncoders[2].DataEncoder/cnt_t_3_reg[4]/C is not reached by a timing clock
Related violations: <none>

TIMING-17#83 Critical Warning
Non-clocked sequential cell  
The clock pin uproc_top_level_i/rgb2dvi_0/U0/DataEncoders[2].DataEncoder/n0q_m_2_reg[1]/C is not reached by a timing clock
Related violations: <none>

TIMING-17#84 Critical Warning
Non-clocked sequential cell  
The clock pin uproc_top_level_i/rgb2dvi_0/U0/DataEncoders[2].DataEncoder/n0q_m_2_reg[2]/C is not reached by a timing clock
Related violations: <none>

TIMING-17#85 Critical Warning
Non-clocked sequential cell  
The clock pin uproc_top_level_i/rgb2dvi_0/U0/DataEncoders[2].DataEncoder/n0q_m_2_reg[3]/C is not reached by a timing clock
Related violations: <none>

TIMING-17#86 Critical Warning
Non-clocked sequential cell  
The clock pin uproc_top_level_i/rgb2dvi_0/U0/DataEncoders[2].DataEncoder/n1d_1_reg[2]/C is not reached by a timing clock
Related violations: <none>

TIMING-17#87 Critical Warning
Non-clocked sequential cell  
The clock pin uproc_top_level_i/rgb2dvi_0/U0/DataEncoders[2].DataEncoder/n1d_1_reg[3]/C is not reached by a timing clock
Related violations: <none>

TIMING-17#88 Critical Warning
Non-clocked sequential cell  
The clock pin uproc_top_level_i/rgb2dvi_0/U0/DataEncoders[2].DataEncoder/n1q_m_2_reg[0]/C is not reached by a timing clock
Related violations: <none>

TIMING-17#89 Critical Warning
Non-clocked sequential cell  
The clock pin uproc_top_level_i/rgb2dvi_0/U0/DataEncoders[2].DataEncoder/n1q_m_2_reg[1]/C is not reached by a timing clock
Related violations: <none>

TIMING-17#90 Critical Warning
Non-clocked sequential cell  
The clock pin uproc_top_level_i/rgb2dvi_0/U0/DataEncoders[2].DataEncoder/n1q_m_2_reg[2]/C is not reached by a timing clock
Related violations: <none>

TIMING-17#91 Critical Warning
Non-clocked sequential cell  
The clock pin uproc_top_level_i/rgb2dvi_0/U0/DataEncoders[2].DataEncoder/pDataOutRaw_reg[0]/C is not reached by a timing clock
Related violations: <none>

TIMING-17#92 Critical Warning
Non-clocked sequential cell  
The clock pin uproc_top_level_i/rgb2dvi_0/U0/DataEncoders[2].DataEncoder/pDataOutRaw_reg[1]/C is not reached by a timing clock
Related violations: <none>

TIMING-17#93 Critical Warning
Non-clocked sequential cell  
The clock pin uproc_top_level_i/rgb2dvi_0/U0/DataEncoders[2].DataEncoder/pDataOutRaw_reg[2]/C is not reached by a timing clock
Related violations: <none>

TIMING-17#94 Critical Warning
Non-clocked sequential cell  
The clock pin uproc_top_level_i/rgb2dvi_0/U0/DataEncoders[2].DataEncoder/pDataOutRaw_reg[3]/C is not reached by a timing clock
Related violations: <none>

TIMING-17#95 Critical Warning
Non-clocked sequential cell  
The clock pin uproc_top_level_i/rgb2dvi_0/U0/DataEncoders[2].DataEncoder/pDataOutRaw_reg[4]/C is not reached by a timing clock
Related violations: <none>

TIMING-17#96 Critical Warning
Non-clocked sequential cell  
The clock pin uproc_top_level_i/rgb2dvi_0/U0/DataEncoders[2].DataEncoder/pDataOutRaw_reg[5]/C is not reached by a timing clock
Related violations: <none>

TIMING-17#97 Critical Warning
Non-clocked sequential cell  
The clock pin uproc_top_level_i/rgb2dvi_0/U0/DataEncoders[2].DataEncoder/pDataOutRaw_reg[6]/C is not reached by a timing clock
Related violations: <none>

TIMING-17#98 Critical Warning
Non-clocked sequential cell  
The clock pin uproc_top_level_i/rgb2dvi_0/U0/DataEncoders[2].DataEncoder/pDataOutRaw_reg[7]/C is not reached by a timing clock
Related violations: <none>

TIMING-17#99 Critical Warning
Non-clocked sequential cell  
The clock pin uproc_top_level_i/rgb2dvi_0/U0/DataEncoders[2].DataEncoder/pDataOutRaw_reg[8]/C is not reached by a timing clock
Related violations: <none>

TIMING-17#100 Critical Warning
Non-clocked sequential cell  
The clock pin uproc_top_level_i/rgb2dvi_0/U0/DataEncoders[2].DataEncoder/pDataOutRaw_reg[9]/C is not reached by a timing clock
Related violations: <none>

TIMING-17#101 Critical Warning
Non-clocked sequential cell  
The clock pin uproc_top_level_i/rgb2dvi_0/U0/DataEncoders[2].DataEncoder/pDataOut_1_reg[2]/C is not reached by a timing clock
Related violations: <none>

TIMING-17#102 Critical Warning
Non-clocked sequential cell  
The clock pin uproc_top_level_i/rgb2dvi_0/U0/DataEncoders[2].DataEncoder/pDataOut_1_reg[3]/C is not reached by a timing clock
Related violations: <none>

TIMING-17#103 Critical Warning
Non-clocked sequential cell  
The clock pin uproc_top_level_i/rgb2dvi_0/U0/DataEncoders[2].DataEncoder/pDataOut_1_reg[4]/C is not reached by a timing clock
Related violations: <none>

TIMING-17#104 Critical Warning
Non-clocked sequential cell  
The clock pin uproc_top_level_i/rgb2dvi_0/U0/DataEncoders[2].DataEncoder/pDataOut_1_reg[5]/C is not reached by a timing clock
Related violations: <none>

TIMING-17#105 Critical Warning
Non-clocked sequential cell  
The clock pin uproc_top_level_i/rgb2dvi_0/U0/DataEncoders[2].DataEncoder/pDataOut_1_reg[6]/C is not reached by a timing clock
Related violations: <none>

TIMING-17#106 Critical Warning
Non-clocked sequential cell  
The clock pin uproc_top_level_i/rgb2dvi_0/U0/DataEncoders[2].DataEncoder/pDataOut_1_reg[7]/C is not reached by a timing clock
Related violations: <none>

TIMING-17#107 Critical Warning
Non-clocked sequential cell  
The clock pin uproc_top_level_i/rgb2dvi_0/U0/DataEncoders[2].DataEncoder/q_m_2_reg[1]/C is not reached by a timing clock
Related violations: <none>

TIMING-17#108 Critical Warning
Non-clocked sequential cell  
The clock pin uproc_top_level_i/rgb2dvi_0/U0/DataEncoders[2].DataEncoder/q_m_2_reg[2]/C is not reached by a timing clock
Related violations: <none>

TIMING-17#109 Critical Warning
Non-clocked sequential cell  
The clock pin uproc_top_level_i/rgb2dvi_0/U0/DataEncoders[2].DataEncoder/q_m_2_reg[3]/C is not reached by a timing clock
Related violations: <none>

TIMING-17#110 Critical Warning
Non-clocked sequential cell  
The clock pin uproc_top_level_i/rgb2dvi_0/U0/DataEncoders[2].DataEncoder/q_m_2_reg[4]/C is not reached by a timing clock
Related violations: <none>

TIMING-17#111 Critical Warning
Non-clocked sequential cell  
The clock pin uproc_top_level_i/rgb2dvi_0/U0/DataEncoders[2].DataEncoder/q_m_2_reg[5]/C is not reached by a timing clock
Related violations: <none>

TIMING-17#112 Critical Warning
Non-clocked sequential cell  
The clock pin uproc_top_level_i/rgb2dvi_0/U0/DataEncoders[2].DataEncoder/q_m_2_reg[6]/C is not reached by a timing clock
Related violations: <none>

TIMING-17#113 Critical Warning
Non-clocked sequential cell  
The clock pin uproc_top_level_i/rgb2dvi_0/U0/DataEncoders[2].DataEncoder/q_m_2_reg[7]/C is not reached by a timing clock
Related violations: <none>

TIMING-17#114 Critical Warning
Non-clocked sequential cell  
The clock pin uproc_top_level_i/rgb2dvi_0/U0/DataEncoders[2].DataEncoder/q_m_2_reg[8]/C is not reached by a timing clock
Related violations: <none>

TIMING-17#115 Critical Warning
Non-clocked sequential cell  
The clock pin uproc_top_level_i/rgb2dvi_0/U0/DataEncoders[2].DataSerializer/SerializerMaster/CLKDIV is not reached by a timing clock
Related violations: <none>

TIMING-17#116 Critical Warning
Non-clocked sequential cell  
The clock pin uproc_top_level_i/rgb2dvi_0/U0/DataEncoders[2].DataSerializer/SerializerSlave/CLKDIV is not reached by a timing clock
Related violations: <none>

TIMING-17#117 Critical Warning
Non-clocked sequential cell  
The clock pin uproc_top_level_i/rgb2dvi_0/U0/LockLostReset/SyncAsyncx/oSyncStages_reg[0]/C is not reached by a timing clock
Related violations: <none>

TIMING-17#118 Critical Warning
Non-clocked sequential cell  
The clock pin uproc_top_level_i/rgb2dvi_0/U0/LockLostReset/SyncAsyncx/oSyncStages_reg[1]/C is not reached by a timing clock
Related violations: <none>

LUTAR-1#1 Warning
LUT drives async reset alert  
LUT cell uproc_top_level_i/debounce_0/U0/debounced_button_INST_0, with 2 or more inputs, drives asynchronous preset/clear pin(s) uproc_top_level_i/controls_0/U0/FSM_onehot_curr_reg[10]/CLR,
uproc_top_level_i/controls_0/U0/FSM_onehot_curr_reg[11]/CLR,
uproc_top_level_i/controls_0/U0/FSM_onehot_curr_reg[12]/CLR,
uproc_top_level_i/controls_0/U0/FSM_onehot_curr_reg[13]/CLR,
uproc_top_level_i/controls_0/U0/FSM_onehot_curr_reg[14]/CLR,
uproc_top_level_i/controls_0/U0/FSM_onehot_curr_reg[15]/CLR,
uproc_top_level_i/controls_0/U0/FSM_onehot_curr_reg[16]/CLR,
uproc_top_level_i/controls_0/U0/FSM_onehot_curr_reg[17]/CLR,
uproc_top_level_i/controls_0/U0/FSM_onehot_curr_reg[18]/CLR,
uproc_top_level_i/controls_0/U0/FSM_onehot_curr_reg[19]/CLR,
uproc_top_level_i/controls_0/U0/FSM_onehot_curr_reg[1]/CLR,
uproc_top_level_i/controls_0/U0/FSM_onehot_curr_reg[20]/CLR,
uproc_top_level_i/controls_0/U0/FSM_onehot_curr_reg[21]/CLR,
uproc_top_level_i/controls_0/U0/FSM_onehot_curr_reg[22]/CLR,
uproc_top_level_i/controls_0/U0/FSM_onehot_curr_reg[23]/CLR
 (the first 15 of 24 listed). The LUT may glitch and trigger an unexpected reset, even if it is a properly timed path.
Related violations: <none>

TIMING-18#1 Warning
Missing input or output delay  
An input delay is missing on TXD relative to clock(s) sys_clk_pin
Related violations: <none>

TIMING-18#2 Warning
Missing input or output delay  
An input delay is missing on btn_0 relative to clock(s) sys_clk_pin
Related violations: <none>

TIMING-18#3 Warning
Missing input or output delay  
An output delay is missing on RXD relative to clock(s) sys_clk_pin
Related violations: <none>

TIMING-18#4 Warning
Missing input or output delay  
An output delay is missing on clk_n relative to clock(s) sys_clk_pin
Related violations: <none>

TIMING-18#5 Warning
Missing input or output delay  
An output delay is missing on clk_p relative to clock(s) sys_clk_pin
Related violations: <none>

TIMING-18#6 Warning
Missing input or output delay  
An output delay is missing on data_n[0] relative to clock(s) sys_clk_pin
Related violations: <none>

TIMING-18#7 Warning
Missing input or output delay  
An output delay is missing on data_n[1] relative to clock(s) sys_clk_pin
Related violations: <none>

TIMING-18#8 Warning
Missing input or output delay  
An output delay is missing on data_n[2] relative to clock(s) sys_clk_pin
Related violations: <none>

TIMING-18#9 Warning
Missing input or output delay  
An output delay is missing on data_p[0] relative to clock(s) sys_clk_pin
Related violations: <none>

TIMING-18#10 Warning
Missing input or output delay  
An output delay is missing on data_p[1] relative to clock(s) sys_clk_pin
Related violations: <none>

TIMING-18#11 Warning
Missing input or output delay  
An output delay is missing on data_p[2] relative to clock(s) sys_clk_pin
Related violations: <none>

XDCB-5#1 Warning
Runtime inefficient way to find pin objects  
The option '-through : [get_pins -filter {NAME =~ *SyncAsync*/oSyncStages_reg[0]/D} -hier]' of constraint 'set_false_path' uses inefficient query to find pin objects (see constraint position '2' in the Timing Constraint window in Vivado IDE). To reduce runtime, it is recommended to get the pins through the cell objects. Please refer to Using Constraints Guide (Constraints Efficiency). An example of optimal query is: get_pins -filter {REF_PIN_NAME=~yy*} -of_objects [get_cells -hierarchical xx*].
Current XDC: c:/Users/keyur/Documents/Vivado/Processor/Processor.gen/sources_1/bd/uproc_top_level/ip/uproc_top_level_rgb2dvi_0_0/src/rgb2dvi.xdc (Line: 5)
Related violations: <none>


